0 info it worked if it ends with ok
1 verbose cli [ 'C:\\Program Files\\nodejs\\node.exe',
1 verbose cli   'C:\\Program Files\\nodejs\\node_modules\\npm\\bin\\npm-cli.js',
1 verbose cli   'run',
1 verbose cli   'dev' ]
2 info using npm@4.0.5
3 info using node@v7.4.0
4 verbose run-script [ 'predev', 'dev', 'postdev' ]
5 info lifecycle socketpo@1.0.0~predev: socketpo@1.0.0
6 silly lifecycle socketpo@1.0.0~predev: no script for predev, continuing
7 info lifecycle socketpo@1.0.0~dev: socketpo@1.0.0
8 verbose lifecycle socketpo@1.0.0~dev: unsafe-perm in lifecycle true
9 verbose lifecycle socketpo@1.0.0~dev: PATH: C:\Users\Gustavo\AppData\Roaming\nvm\v7.4.0\node_modules\npm\bin\node-gyp-bin;C:\Users\Gustavo\Desktop\socketpo\socketpo\node_modules\.bin;C:\Users\Gustavo\bin;C:\Program Files\Git\mingw64\bin;C:\Program Files\Git\usr\local\bin;C:\Program Files\Git\usr\bin;C:\Program Files\Git\usr\bin;C:\Program Files\Git\mingw64\bin;C:\Program Files\Git\usr\bin;C:\Python27;C:\Python27\Scripts;C:\Program Files (x86)\Intel\iCLS Client;C:\Program Files\Intel\iCLS Client;C:\WINDOWS\system32;C:\WINDOWS;C:\WINDOWS\System32\Wbem;C:\WINDOWS\System32\WindowsPowerShell\v1.0;C:\Program Files (x86)\Intel\OpenCL SDK\2.0\bin\x86;C:\Program Files (x86)\Intel\OpenCL SDK\2.0\bin\x64;C:\Program Files\Intel\Intel(R) Management Engine Components\DAL;C:\Program Files\Intel\Intel(R) Management Engine Components\IPT;C:\Program Files (x86)\Intel\Intel(R) Management Engine Components\DAL;C:\Program Files (x86)\Intel\Intel(R) Management Engine Components\IPT;C:\Program Files\Git\cmd;C:\Program Files\TortoiseSVN\bin;C:\Users\Gustavo\AppData\Roaming\nvm;C:\Program Files\nodejs;C:\Program Files (x86)\Skype\Phone;C:\Ruby200-x64\bin;C:\Users\Gustavo\AppData\Roaming\npm;C:\Users\Gustavo\AppData\Roaming\nvm;C:\Program Files\nodejs;C:\Users\Gustavo\AppData\Local\Microsoft\WindowsApps;C:\Program Files\Git\usr\bin\vendor_perl;C:\Program Files\Git\usr\bin\core_perl
10 verbose lifecycle socketpo@1.0.0~dev: CWD: C:\Users\Gustavo\Desktop\socketpo\socketpo
11 silly lifecycle socketpo@1.0.0~dev: Args: [ '/d /s /c', 'NODE_ENV=development && node index' ]
12 silly lifecycle socketpo@1.0.0~dev: Returned: code: 1  signal: null
13 info lifecycle socketpo@1.0.0~dev: Failed to exec dev script
14 verbose stack Error: socketpo@1.0.0 dev: `NODE_ENV=development && node index`
14 verbose stack Exit status 1
14 verbose stack     at EventEmitter.<anonymous> (C:\Users\Gustavo\AppData\Roaming\nvm\v7.4.0\node_modules\npm\lib\utils\lifecycle.js:279:16)
14 verbose stack     at emitTwo (events.js:106:13)
14 verbose stack     at EventEmitter.emit (events.js:191:7)
14 verbose stack     at ChildProcess.<anonymous> (C:\Users\Gustavo\AppData\Roaming\nvm\v7.4.0\node_modules\npm\lib\utils\spawn.js:40:14)
14 verbose stack     at emitTwo (events.js:106:13)
14 verbose stack     at ChildProcess.emit (events.js:191:7)
14 verbose stack     at maybeClose (internal/child_process.js:885:16)
14 verbose stack     at Process.ChildProcess._handle.onexit (internal/child_process.js:226:5)
15 verbose pkgid socketpo@1.0.0
16 verbose cwd C:\Users\Gustavo\Desktop\socketpo\socketpo
17 error Windows_NT 10.0.14393
18 error argv "C:\\Program Files\\nodejs\\node.exe" "C:\\Program Files\\nodejs\\node_modules\\npm\\bin\\npm-cli.js" "run" "dev"
19 error node v7.4.0
20 error npm  v4.0.5
21 error code ELIFECYCLE
22 error socketpo@1.0.0 dev: `NODE_ENV=development && node index`
22 error Exit status 1
23 error Failed at the socketpo@1.0.0 dev script 'NODE_ENV=development && node index'.
23 error Make sure you have the latest version of node.js and npm installed.
23 error If you do, this is most likely a problem with the socketpo package,
23 error not with npm itself.
23 error Tell the author that this fails on your system:
23 error     NODE_ENV=development && node index
23 error You can get information on how to open an issue for this project with:
23 error     npm bugs socketpo
23 error Or if that isn't available, you can get their info via:
23 error     npm owner ls socketpo
23 error There is likely additional logging output above.
24 verbose exit [ 1, true ]
